Started GET "/" for 127.0.0.1 at 2022-03-26 15:07:02 -0400
  [1m[35m (1.6ms)[0m  [1m[34mSELECT sqlite_version(*)[0m
  [1m[36mActiveRecord::SchemaMigration Pluck (0.1ms)[0m  [1m[34mSELECT "schema_migrations"."version" FROM "schema_migrations" ORDER BY "schema_migrations"."version" ASC[0m
Processing by PostsController#index as HTML
  Rendering layout layouts/application.html.erb
  Rendering posts/index.html.erb within layouts/application
  [1m[36mPost Load (0.2ms)[0m  [1m[34mSELECT "posts".* FROM "posts"[0m
  ↳ app/views/posts/index.html.erb:11
  Rendered collection of posts/_post.html.erb [1 times] (Duration: 10.1ms | Allocations: 4136)
  Rendered posts/index.html.erb within layouts/application (Duration: 22.4ms | Allocations: 11370)
  Rendered layout layouts/application.html.erb (Duration: 295.3ms | Allocations: 103453)
Completed 200 OK in 313ms (Views: 299.2ms | ActiveRecord: 0.7ms | Allocations: 111389)


Started GET "/posts/2/edit" for 127.0.0.1 at 2022-03-26 15:07:23 -0400
Processing by PostsController#edit as HTML
  Parameters: {"id"=>"2"}
  [1m[36mPost Load (0.4ms)[0m  [1m[34mSELECT "posts".* FROM "posts" WHERE "posts"."id" = ? LIMIT ?[0m  [["id", 2], ["LIMIT", 1]]
  ↳ app/controllers/posts_controller.rb:51:in `set_post'
  Rendering posts/edit.html.erb
  Rendered posts/_post_form.html.erb (Duration: 9.0ms | Allocations: 2494)
  Rendered posts/edit.html.erb (Duration: 11.5ms | Allocations: 2873)
Completed 200 OK in 24ms (Views: 13.0ms | ActiveRecord: 0.4ms | Allocations: 6219)


Started PATCH "/posts/2" for 127.0.0.1 at 2022-03-26 15:07:40 -0400
Processing by PostsController#update as TURBO_STREAM
  Parameters: {"authenticity_token"=>"[FILTERED]", "post"=>{"title"=>"This is the new title", "body"=>"The new body", "tags"=>"The new tags"}, "commit"=>"Update Post", "id"=>"2"}
  [1m[36mPost Load (0.1ms)[0m  [1m[34mSELECT "posts".* FROM "posts" WHERE "posts"."id" = ? LIMIT ?[0m  [["id", 2], ["LIMIT", 1]]
  ↳ app/controllers/posts_controller.rb:51:in `set_post'
  [1m[36mTRANSACTION (0.1ms)[0m  [1m[36mbegin transaction[0m
  ↳ app/controllers/posts_controller.rb:33:in `block in update'
  [1m[36mPost Update (0.2ms)[0m  [1m[33mUPDATE "posts" SET "title" = ?, "body" = ?, "tags" = ?, "updated_at" = ? WHERE "posts"."id" = ?[0m  [["title", "This is the new title"], ["body", "The new body"], ["tags", "The new tags"], ["updated_at", "2022-03-26 19:07:40.371196"], ["id", 2]]
  ↳ app/controllers/posts_controller.rb:33:in `block in update'
  [1m[36mTRANSACTION (53.8ms)[0m  [1m[36mcommit transaction[0m
  ↳ app/controllers/posts_controller.rb:33:in `block in update'
Redirected to http://127.0.0.1:3000/posts/2
Completed 302 Found in 63ms (ActiveRecord: 54.2ms | Allocations: 4211)


Started GET "/posts/2" for 127.0.0.1 at 2022-03-26 15:07:40 -0400
Processing by PostsController#show as TURBO_STREAM
  Parameters: {"id"=>"2"}
  [1m[36mPost Load (0.2ms)[0m  [1m[34mSELECT "posts".* FROM "posts" WHERE "posts"."id" = ? LIMIT ?[0m  [["id", 2], ["LIMIT", 1]]
  ↳ app/controllers/posts_controller.rb:51:in `set_post'
  Rendering posts/show.html.erb
  Rendered posts/_post.html.erb (Duration: 2.9ms | Allocations: 998)
  Rendered posts/show.html.erb (Duration: 5.3ms | Allocations: 1620)
Completed 200 OK in 8ms (Views: 5.9ms | ActiveRecord: 0.2ms | Allocations: 2559)


Started GET "/posts/2" for 127.0.0.1 at 2022-03-26 15:09:07 -0400
Processing by PostsController#show as HTML
  Parameters: {"id"=>"2"}
  [1m[36mPost Load (0.2ms)[0m  [1m[34mSELECT "posts".* FROM "posts" WHERE "posts"."id" = ? LIMIT ?[0m  [["id", 2], ["LIMIT", 1]]
  ↳ app/controllers/posts_controller.rb:51:in `set_post'
  Rendering posts/show.html.erb
  Rendered posts/_post.html.erb (Duration: 1.8ms | Allocations: 538)
  Rendered posts/show.html.erb (Duration: 2.3ms | Allocations: 627)
Completed 200 OK in 6ms (Views: 3.0ms | ActiveRecord: 0.2ms | Allocations: 1462)


Started GET "/posts/2" for 127.0.0.1 at 2022-03-26 15:09:07 -0400
Processing by PostsController#show as HTML
  Parameters: {"id"=>"2"}
  [1m[36mPost Load (0.1ms)[0m  [1m[34mSELECT "posts".* FROM "posts" WHERE "posts"."id" = ? LIMIT ?[0m  [["id", 2], ["LIMIT", 1]]
  ↳ app/controllers/posts_controller.rb:51:in `set_post'
  Rendering posts/show.html.erb
  Rendered posts/_post.html.erb (Duration: 1.0ms | Allocations: 546)
  Rendered posts/show.html.erb (Duration: 1.2ms | Allocations: 633)
Completed 200 OK in 3ms (Views: 1.6ms | ActiveRecord: 0.1ms | Allocations: 1382)


Started GET "/" for 127.0.0.1 at 2022-03-26 15:28:24 -0400
  [1m[35m (0.7ms)[0m  [1m[34mSELECT sqlite_version(*)[0m
  [1m[36mActiveRecord::SchemaMigration Pluck (0.1ms)[0m  [1m[34mSELECT "schema_migrations"."version" FROM "schema_migrations" ORDER BY "schema_migrations"."version" ASC[0m
Processing by PostsController#index as HTML
  Rendering layout layouts/application.html.erb
  Rendering posts/index.html.erb within layouts/application
  [1m[36mPost Load (0.2ms)[0m  [1m[34mSELECT "posts".* FROM "posts"[0m
  ↳ app/views/posts/index.html.erb:11
  Rendered collection of posts/_post.html.erb [1 times] (Duration: 7.8ms | Allocations: 2480)
  Rendered posts/index.html.erb within layouts/application (Duration: 19.4ms | Allocations: 9462)
  Rendered layout layouts/application.html.erb (Duration: 66.9ms | Allocations: 43984)
Completed 200 OK in 79ms (Views: 69.2ms | ActiveRecord: 0.7ms | Allocations: 50712)


Started GET "/posts/2" for 127.0.0.1 at 2022-03-26 15:28:26 -0400
Processing by PostsController#show as HTML
  Parameters: {"id"=>"2"}
  [1m[36mPost Load (0.5ms)[0m  [1m[34mSELECT "posts".* FROM "posts" WHERE "posts"."id" = ? LIMIT ?[0m  [["id", 2], ["LIMIT", 1]]
  ↳ app/controllers/posts_controller.rb:55:in `set_post'
Redirected to http://127.0.0.1:3000/posts/2
Completed 302 Found in 8ms (ActiveRecord: 0.5ms | Allocations: 3012)


Started GET "/posts/2" for 127.0.0.1 at 2022-03-26 15:28:26 -0400
Processing by PostsController#show as HTML
  Parameters: {"id"=>"2"}
  [1m[36mPost Load (0.2ms)[0m  [1m[34mSELECT "posts".* FROM "posts" WHERE "posts"."id" = ? LIMIT ?[0m  [["id", 2], ["LIMIT", 1]]
  ↳ app/controllers/posts_controller.rb:55:in `set_post'
Redirected to http://127.0.0.1:3000/posts/2
Completed 302 Found in 3ms (ActiveRecord: 0.2ms | Allocations: 708)


Started GET "/posts/2" for 127.0.0.1 at 2022-03-26 15:28:26 -0400
Processing by PostsController#show as HTML
  Parameters: {"id"=>"2"}
  [1m[36mPost Load (0.1ms)[0m  [1m[34mSELECT "posts".* FROM "posts" WHERE "posts"."id" = ? LIMIT ?[0m  [["id", 2], ["LIMIT", 1]]
  ↳ app/controllers/posts_controller.rb:55:in `set_post'
Redirected to http://127.0.0.1:3000/posts/2
Completed 302 Found in 3ms (ActiveRecord: 0.1ms | Allocations: 699)


Started GET "/posts/2" for 127.0.0.1 at 2022-03-26 15:28:26 -0400
Processing by PostsController#show as HTML
  Parameters: {"id"=>"2"}
  [1m[36mPost Load (0.1ms)[0m  [1m[34mSELECT "posts".* FROM "posts" WHERE "posts"."id" = ? LIMIT ?[0m  [["id", 2], ["LIMIT", 1]]
  ↳ app/controllers/posts_controller.rb:55:in `set_post'
Redirected to http://127.0.0.1:3000/posts/2
Completed 302 Found in 2ms (ActiveRecord: 0.1ms | Allocations: 699)


Started GET "/posts/2" for 127.0.0.1 at 2022-03-26 15:28:26 -0400
Processing by PostsController#show as HTML
  Parameters: {"id"=>"2"}
  [1m[36mPost Load (0.1ms)[0m  [1m[34mSELECT "posts".* FROM "posts" WHERE "posts"."id" = ? LIMIT ?[0m  [["id", 2], ["LIMIT", 1]]
  ↳ app/controllers/posts_controller.rb:55:in `set_post'
Redirected to http://127.0.0.1:3000/posts/2
Completed 302 Found in 1ms (ActiveRecord: 0.1ms | Allocations: 699)


Started GET "/posts/2" for 127.0.0.1 at 2022-03-26 15:28:26 -0400
Processing by PostsController#show as HTML
  Parameters: {"id"=>"2"}
  [1m[36mPost Load (0.1ms)[0m  [1m[34mSELECT "posts".* FROM "posts" WHERE "posts"."id" = ? LIMIT ?[0m  [["id", 2], ["LIMIT", 1]]
  ↳ app/controllers/posts_controller.rb:55:in `set_post'
Redirected to http://127.0.0.1:3000/posts/2
Completed 302 Found in 1ms (ActiveRecord: 0.1ms | Allocations: 699)


Started GET "/posts/2" for 127.0.0.1 at 2022-03-26 15:28:26 -0400
Processing by PostsController#show as HTML
  Parameters: {"id"=>"2"}
  [1m[36mPost Load (0.1ms)[0m  [1m[34mSELECT "posts".* FROM "posts" WHERE "posts"."id" = ? LIMIT ?[0m  [["id", 2], ["LIMIT", 1]]
  ↳ app/controllers/posts_controller.rb:55:in `set_post'
Redirected to http://127.0.0.1:3000/posts/2
Completed 302 Found in 1ms (ActiveRecord: 0.1ms | Allocations: 699)


Started GET "/posts/2" for 127.0.0.1 at 2022-03-26 15:28:26 -0400
Processing by PostsController#show as HTML
  Parameters: {"id"=>"2"}
  [1m[36mPost Load (0.1ms)[0m  [1m[34mSELECT "posts".* FROM "posts" WHERE "posts"."id" = ? LIMIT ?[0m  [["id", 2], ["LIMIT", 1]]
  ↳ app/controllers/posts_controller.rb:55:in `set_post'
Redirected to http://127.0.0.1:3000/posts/2
Completed 302 Found in 1ms (ActiveRecord: 0.1ms | Allocations: 699)


Started GET "/posts/2" for 127.0.0.1 at 2022-03-26 15:28:26 -0400
Processing by PostsController#show as HTML
  Parameters: {"id"=>"2"}
  [1m[36mPost Load (0.1ms)[0m  [1m[34mSELECT "posts".* FROM "posts" WHERE "posts"."id" = ? LIMIT ?[0m  [["id", 2], ["LIMIT", 1]]
  ↳ app/controllers/posts_controller.rb:55:in `set_post'
Redirected to http://127.0.0.1:3000/posts/2
Completed 302 Found in 1ms (ActiveRecord: 0.1ms | Allocations: 699)


Started GET "/posts/2" for 127.0.0.1 at 2022-03-26 15:28:26 -0400
Processing by PostsController#show as HTML
  Parameters: {"id"=>"2"}
  [1m[36mPost Load (0.1ms)[0m  [1m[34mSELECT "posts".* FROM "posts" WHERE "posts"."id" = ? LIMIT ?[0m  [["id", 2], ["LIMIT", 1]]
  ↳ app/controllers/posts_controller.rb:55:in `set_post'
Redirected to http://127.0.0.1:3000/posts/2
Completed 302 Found in 2ms (ActiveRecord: 0.1ms | Allocations: 699)


Started GET "/posts/2" for 127.0.0.1 at 2022-03-26 15:28:26 -0400
Processing by PostsController#show as HTML
  Parameters: {"id"=>"2"}
  [1m[36mPost Load (0.1ms)[0m  [1m[34mSELECT "posts".* FROM "posts" WHERE "posts"."id" = ? LIMIT ?[0m  [["id", 2], ["LIMIT", 1]]
  ↳ app/controllers/posts_controller.rb:55:in `set_post'
Redirected to http://127.0.0.1:3000/posts/2
Completed 302 Found in 2ms (ActiveRecord: 0.1ms | Allocations: 699)


Started GET "/posts/2" for 127.0.0.1 at 2022-03-26 15:28:26 -0400
Processing by PostsController#show as HTML
  Parameters: {"id"=>"2"}
  [1m[36mPost Load (0.1ms)[0m  [1m[34mSELECT "posts".* FROM "posts" WHERE "posts"."id" = ? LIMIT ?[0m  [["id", 2], ["LIMIT", 1]]
  ↳ app/controllers/posts_controller.rb:55:in `set_post'
Redirected to http://127.0.0.1:3000/posts/2
Completed 302 Found in 1ms (ActiveRecord: 0.1ms | Allocations: 699)


Started GET "/posts/2" for 127.0.0.1 at 2022-03-26 15:28:26 -0400
Processing by PostsController#show as HTML
  Parameters: {"id"=>"2"}
  [1m[36mPost Load (0.6ms)[0m  [1m[34mSELECT "posts".* FROM "posts" WHERE "posts"."id" = ? LIMIT ?[0m  [["id", 2], ["LIMIT", 1]]
  ↳ app/controllers/posts_controller.rb:55:in `set_post'
Redirected to http://127.0.0.1:3000/posts/2
Completed 302 Found in 2ms (ActiveRecord: 0.6ms | Allocations: 699)


Started GET "/posts/2" for 127.0.0.1 at 2022-03-26 15:28:26 -0400
Processing by PostsController#show as HTML
  Parameters: {"id"=>"2"}
  [1m[36mPost Load (0.1ms)[0m  [1m[34mSELECT "posts".* FROM "posts" WHERE "posts"."id" = ? LIMIT ?[0m  [["id", 2], ["LIMIT", 1]]
  ↳ app/controllers/posts_controller.rb:55:in `set_post'
Redirected to http://127.0.0.1:3000/posts/2
Completed 302 Found in 1ms (ActiveRecord: 0.1ms | Allocations: 699)


Started GET "/posts/2" for 127.0.0.1 at 2022-03-26 15:28:26 -0400
Processing by PostsController#show as HTML
  Parameters: {"id"=>"2"}
  [1m[36mPost Load (0.1ms)[0m  [1m[34mSELECT "posts".* FROM "posts" WHERE "posts"."id" = ? LIMIT ?[0m  [["id", 2], ["LIMIT", 1]]
  ↳ app/controllers/posts_controller.rb:55:in `set_post'
Redirected to http://127.0.0.1:3000/posts/2
Completed 302 Found in 1ms (ActiveRecord: 0.1ms | Allocations: 699)


Started GET "/posts/2" for 127.0.0.1 at 2022-03-26 15:28:26 -0400
Processing by PostsController#show as HTML
  Parameters: {"id"=>"2"}
  [1m[36mPost Load (0.1ms)[0m  [1m[34mSELECT "posts".* FROM "posts" WHERE "posts"."id" = ? LIMIT ?[0m  [["id", 2], ["LIMIT", 1]]
  ↳ app/controllers/posts_controller.rb:55:in `set_post'
Redirected to http://127.0.0.1:3000/posts/2
Completed 302 Found in 1ms (ActiveRecord: 0.1ms | Allocations: 699)


Started GET "/posts/2" for 127.0.0.1 at 2022-03-26 15:28:26 -0400
Processing by PostsController#show as HTML
  Parameters: {"id"=>"2"}
  [1m[36mPost Load (0.1ms)[0m  [1m[34mSELECT "posts".* FROM "posts" WHERE "posts"."id" = ? LIMIT ?[0m  [["id", 2], ["LIMIT", 1]]
  ↳ app/controllers/posts_controller.rb:55:in `set_post'
Redirected to http://127.0.0.1:3000/posts/2
Completed 302 Found in 1ms (ActiveRecord: 0.1ms | Allocations: 699)


Started GET "/posts/2" for 127.0.0.1 at 2022-03-26 15:28:26 -0400
Processing by PostsController#show as HTML
  Parameters: {"id"=>"2"}
  [1m[36mPost Load (0.1ms)[0m  [1m[34mSELECT "posts".* FROM "posts" WHERE "posts"."id" = ? LIMIT ?[0m  [["id", 2], ["LIMIT", 1]]
  ↳ app/controllers/posts_controller.rb:55:in `set_post'
Redirected to http://127.0.0.1:3000/posts/2
Completed 302 Found in 2ms (ActiveRecord: 0.1ms | Allocations: 699)


Started GET "/posts/2" for 127.0.0.1 at 2022-03-26 15:28:26 -0400
Processing by PostsController#show as HTML
  Parameters: {"id"=>"2"}
  [1m[36mPost Load (0.1ms)[0m  [1m[34mSELECT "posts".* FROM "posts" WHERE "posts"."id" = ? LIMIT ?[0m  [["id", 2], ["LIMIT", 1]]
  ↳ app/controllers/posts_controller.rb:55:in `set_post'
Redirected to http://127.0.0.1:3000/posts/2
Completed 302 Found in 9ms (ActiveRecord: 0.1ms | Allocations: 701)


Started GET "/posts/2" for 127.0.0.1 at 2022-03-26 15:28:26 -0400
Processing by PostsController#show as HTML
  Parameters: {"id"=>"2"}
  [1m[36mPost Load (0.1ms)[0m  [1m[34mSELECT "posts".* FROM "posts" WHERE "posts"."id" = ? LIMIT ?[0m  [["id", 2], ["LIMIT", 1]]
  ↳ app/controllers/posts_controller.rb:55:in `set_post'
Redirected to http://127.0.0.1:3000/posts/2
Completed 302 Found in 2ms (ActiveRecord: 0.1ms | Allocations: 700)


Started GET "/posts/2" for 127.0.0.1 at 2022-03-26 15:28:26 -0400
Processing by PostsController#show as HTML
  Parameters: {"id"=>"2"}
  [1m[36mPost Load (0.1ms)[0m  [1m[34mSELECT "posts".* FROM "posts" WHERE "posts"."id" = ? LIMIT ?[0m  [["id", 2], ["LIMIT", 1]]
  ↳ app/controllers/posts_controller.rb:55:in `set_post'
Redirected to http://127.0.0.1:3000/posts/2
Completed 302 Found in 2ms (ActiveRecord: 0.1ms | Allocations: 699)


Started GET "/posts/2" for 127.0.0.1 at 2022-03-26 15:28:36 -0400
Processing by PostsController#show as HTML
  Parameters: {"id"=>"2"}
  [1m[36mPost Load (0.3ms)[0m  [1m[34mSELECT "posts".* FROM "posts" WHERE "posts"."id" = ? LIMIT ?[0m  [["id", 2], ["LIMIT", 1]]
  ↳ app/controllers/posts_controller.rb:55:in `set_post'
Redirected to http://127.0.0.1:3000/posts/2
Completed 302 Found in 5ms (ActiveRecord: 0.3ms | Allocations: 715)


Started GET "/posts/2" for 127.0.0.1 at 2022-03-26 15:28:36 -0400
Processing by PostsController#show as HTML
  Parameters: {"id"=>"2"}
  [1m[36mPost Load (0.2ms)[0m  [1m[34mSELECT "posts".* FROM "posts" WHERE "posts"."id" = ? LIMIT ?[0m  [["id", 2], ["LIMIT", 1]]
  ↳ app/controllers/posts_controller.rb:55:in `set_post'
Redirected to http://127.0.0.1:3000/posts/2
Completed 302 Found in 4ms (ActiveRecord: 0.2ms | Allocations: 699)


Started GET "/posts/2" for 127.0.0.1 at 2022-03-26 15:28:36 -0400
Processing by PostsController#show as HTML
  Parameters: {"id"=>"2"}
  [1m[36mPost Load (0.2ms)[0m  [1m[34mSELECT "posts".* FROM "posts" WHERE "posts"."id" = ? LIMIT ?[0m  [["id", 2], ["LIMIT", 1]]
  ↳ app/controllers/posts_controller.rb:55:in `set_post'
Redirected to http://127.0.0.1:3000/posts/2
Completed 302 Found in 4ms (ActiveRecord: 0.2ms | Allocations: 700)


Started GET "/posts/2" for 127.0.0.1 at 2022-03-26 15:28:36 -0400
Processing by PostsController#show as HTML
  Parameters: {"id"=>"2"}
  [1m[36mPost Load (0.2ms)[0m  [1m[34mSELECT "posts".* FROM "posts" WHERE "posts"."id" = ? LIMIT ?[0m  [["id", 2], ["LIMIT", 1]]
  ↳ app/controllers/posts_controller.rb:55:in `set_post'
Redirected to http://127.0.0.1:3000/posts/2
Completed 302 Found in 3ms (ActiveRecord: 0.2ms | Allocations: 699)


Started GET "/posts/2" for 127.0.0.1 at 2022-03-26 15:28:36 -0400
Processing by PostsController#show as HTML
  Parameters: {"id"=>"2"}
  [1m[36mPost Load (0.2ms)[0m  [1m[34mSELECT "posts".* FROM "posts" WHERE "posts"."id" = ? LIMIT ?[0m  [["id", 2], ["LIMIT", 1]]
  ↳ app/controllers/posts_controller.rb:55:in `set_post'
Redirected to http://127.0.0.1:3000/posts/2
Completed 302 Found in 3ms (ActiveRecord: 0.2ms | Allocations: 699)


Started GET "/posts/2" for 127.0.0.1 at 2022-03-26 15:28:36 -0400
Processing by PostsController#show as HTML
  Parameters: {"id"=>"2"}
  [1m[36mPost Load (0.2ms)[0m  [1m[34mSELECT "posts".* FROM "posts" WHERE "posts"."id" = ? LIMIT ?[0m  [["id", 2], ["LIMIT", 1]]
  ↳ app/controllers/posts_controller.rb:55:in `set_post'
Redirected to http://127.0.0.1:3000/posts/2
Completed 302 Found in 3ms (ActiveRecord: 0.2ms | Allocations: 699)


Started GET "/posts/2" for 127.0.0.1 at 2022-03-26 15:28:36 -0400
Processing by PostsController#show as HTML
  Parameters: {"id"=>"2"}
  [1m[36mPost Load (0.1ms)[0m  [1m[34mSELECT "posts".* FROM "posts" WHERE "posts"."id" = ? LIMIT ?[0m  [["id", 2], ["LIMIT", 1]]
  ↳ app/controllers/posts_controller.rb:55:in `set_post'
Redirected to http://127.0.0.1:3000/posts/2
Completed 302 Found in 2ms (ActiveRecord: 0.1ms | Allocations: 699)


Started GET "/posts/2" for 127.0.0.1 at 2022-03-26 15:28:36 -0400
Processing by PostsController#show as HTML
  Parameters: {"id"=>"2"}
  [1m[36mPost Load (0.1ms)[0m  [1m[34mSELECT "posts".* FROM "posts" WHERE "posts"."id" = ? LIMIT ?[0m  [["id", 2], ["LIMIT", 1]]
  ↳ app/controllers/posts_controller.rb:55:in `set_post'
Redirected to http://127.0.0.1:3000/posts/2
Completed 302 Found in 2ms (ActiveRecord: 0.1ms | Allocations: 699)


Started GET "/posts/2" for 127.0.0.1 at 2022-03-26 15:28:36 -0400
Processing by PostsController#show as HTML
  Parameters: {"id"=>"2"}
  [1m[36mPost Load (0.1ms)[0m  [1m[34mSELECT "posts".* FROM "posts" WHERE "posts"."id" = ? LIMIT ?[0m  [["id", 2], ["LIMIT", 1]]
  ↳ app/controllers/posts_controller.rb:55:in `set_post'
Redirected to http://127.0.0.1:3000/posts/2
Completed 302 Found in 3ms (ActiveRecord: 0.1ms | Allocations: 699)


Started GET "/posts/2" for 127.0.0.1 at 2022-03-26 15:28:36 -0400
Processing by PostsController#show as HTML
  Parameters: {"id"=>"2"}
  [1m[36mPost Load (0.1ms)[0m  [1m[34mSELECT "posts".* FROM "posts" WHERE "posts"."id" = ? LIMIT ?[0m  [["id", 2], ["LIMIT", 1]]
  ↳ app/controllers/posts_controller.rb:55:in `set_post'
Redirected to http://127.0.0.1:3000/posts/2
Completed 302 Found in 2ms (ActiveRecord: 0.1ms | Allocations: 699)


Started GET "/posts/2" for 127.0.0.1 at 2022-03-26 15:28:36 -0400
Processing by PostsController#show as HTML
  Parameters: {"id"=>"2"}
  [1m[36mPost Load (0.1ms)[0m  [1m[34mSELECT "posts".* FROM "posts" WHERE "posts"."id" = ? LIMIT ?[0m  [["id", 2], ["LIMIT", 1]]
  ↳ app/controllers/posts_controller.rb:55:in `set_post'
Redirected to http://127.0.0.1:3000/posts/2
Completed 302 Found in 2ms (ActiveRecord: 0.1ms | Allocations: 699)


Started GET "/posts/2" for 127.0.0.1 at 2022-03-26 15:28:36 -0400
Processing by PostsController#show as HTML
  Parameters: {"id"=>"2"}
  [1m[36mPost Load (0.1ms)[0m  [1m[34mSELECT "posts".* FROM "posts" WHERE "posts"."id" = ? LIMIT ?[0m  [["id", 2], ["LIMIT", 1]]
  ↳ app/controllers/posts_controller.rb:55:in `set_post'
Redirected to http://127.0.0.1:3000/posts/2
Completed 302 Found in 2ms (ActiveRecord: 0.1ms | Allocations: 699)


Started GET "/posts/2" for 127.0.0.1 at 2022-03-26 15:28:36 -0400
Processing by PostsController#show as HTML
  Parameters: {"id"=>"2"}
  [1m[36mPost Load (0.1ms)[0m  [1m[34mSELECT "posts".* FROM "posts" WHERE "posts"."id" = ? LIMIT ?[0m  [["id", 2], ["LIMIT", 1]]
  ↳ app/controllers/posts_controller.rb:55:in `set_post'
Redirected to http://127.0.0.1:3000/posts/2
Completed 302 Found in 1ms (ActiveRecord: 0.1ms | Allocations: 699)


Started GET "/posts/2" for 127.0.0.1 at 2022-03-26 15:28:36 -0400
Processing by PostsController#show as HTML
  Parameters: {"id"=>"2"}
  [1m[36mPost Load (0.1ms)[0m  [1m[34mSELECT "posts".* FROM "posts" WHERE "posts"."id" = ? LIMIT ?[0m  [["id", 2], ["LIMIT", 1]]
  ↳ app/controllers/posts_controller.rb:55:in `set_post'
Redirected to http://127.0.0.1:3000/posts/2
Completed 302 Found in 1ms (ActiveRecord: 0.1ms | Allocations: 699)


Started GET "/posts/2" for 127.0.0.1 at 2022-03-26 15:28:36 -0400
Processing by PostsController#show as HTML
  Parameters: {"id"=>"2"}
  [1m[36mPost Load (0.1ms)[0m  [1m[34mSELECT "posts".* FROM "posts" WHERE "posts"."id" = ? LIMIT ?[0m  [["id", 2], ["LIMIT", 1]]
  ↳ app/controllers/posts_controller.rb:55:in `set_post'
Redirected to http://127.0.0.1:3000/posts/2
Completed 302 Found in 1ms (ActiveRecord: 0.1ms | Allocations: 699)


Started GET "/posts/2" for 127.0.0.1 at 2022-03-26 15:28:36 -0400
Processing by PostsController#show as HTML
  Parameters: {"id"=>"2"}
  [1m[36mPost Load (0.1ms)[0m  [1m[34mSELECT "posts".* FROM "posts" WHERE "posts"."id" = ? LIMIT ?[0m  [["id", 2], ["LIMIT", 1]]
  ↳ app/controllers/posts_controller.rb:55:in `set_post'
Redirected to http://127.0.0.1:3000/posts/2
Completed 302 Found in 1ms (ActiveRecord: 0.1ms | Allocations: 699)


Started GET "/posts/2" for 127.0.0.1 at 2022-03-26 15:28:36 -0400
Processing by PostsController#show as HTML
  Parameters: {"id"=>"2"}
  [1m[36mPost Load (0.1ms)[0m  [1m[34mSELECT "posts".* FROM "posts" WHERE "posts"."id" = ? LIMIT ?[0m  [["id", 2], ["LIMIT", 1]]
  ↳ app/controllers/posts_controller.rb:55:in `set_post'
Redirected to http://127.0.0.1:3000/posts/2
Completed 302 Found in 2ms (ActiveRecord: 0.1ms | Allocations: 699)


Started GET "/posts/2" for 127.0.0.1 at 2022-03-26 15:28:36 -0400
Processing by PostsController#show as HTML
  Parameters: {"id"=>"2"}
  [1m[36mPost Load (0.1ms)[0m  [1m[34mSELECT "posts".* FROM "posts" WHERE "posts"."id" = ? LIMIT ?[0m  [["id", 2], ["LIMIT", 1]]
  ↳ app/controllers/posts_controller.rb:55:in `set_post'
Redirected to http://127.0.0.1:3000/posts/2
Completed 302 Found in 1ms (ActiveRecord: 0.1ms | Allocations: 699)


Started GET "/posts/2" for 127.0.0.1 at 2022-03-26 15:28:36 -0400
Processing by PostsController#show as HTML
  Parameters: {"id"=>"2"}
  [1m[36mPost Load (0.1ms)[0m  [1m[34mSELECT "posts".* FROM "posts" WHERE "posts"."id" = ? LIMIT ?[0m  [["id", 2], ["LIMIT", 1]]
  ↳ app/controllers/posts_controller.rb:55:in `set_post'
Redirected to http://127.0.0.1:3000/posts/2
Completed 302 Found in 2ms (ActiveRecord: 0.1ms | Allocations: 700)


Started GET "/posts/2" for 127.0.0.1 at 2022-03-26 15:28:36 -0400
Processing by PostsController#show as HTML
  Parameters: {"id"=>"2"}
  [1m[36mPost Load (0.1ms)[0m  [1m[34mSELECT "posts".* FROM "posts" WHERE "posts"."id" = ? LIMIT ?[0m  [["id", 2], ["LIMIT", 1]]
  ↳ app/controllers/posts_controller.rb:55:in `set_post'
Redirected to http://127.0.0.1:3000/posts/2
Completed 302 Found in 2ms (ActiveRecord: 0.1ms | Allocations: 699)


Started GET "/posts/2" for 127.0.0.1 at 2022-03-26 15:28:36 -0400
Processing by PostsController#show as HTML
  Parameters: {"id"=>"2"}
  [1m[36mPost Load (0.1ms)[0m  [1m[34mSELECT "posts".* FROM "posts" WHERE "posts"."id" = ? LIMIT ?[0m  [["id", 2], ["LIMIT", 1]]
  ↳ app/controllers/posts_controller.rb:55:in `set_post'
Redirected to http://127.0.0.1:3000/posts/2
Completed 302 Found in 2ms (ActiveRecord: 0.1ms | Allocations: 699)


Started GET "/posts/2" for 127.0.0.1 at 2022-03-26 15:28:59 -0400
Processing by PostsController#show as HTML
  Parameters: {"id"=>"2"}
  [1m[36mPost Load (0.2ms)[0m  [1m[34mSELECT "posts".* FROM "posts" WHERE "posts"."id" = ? LIMIT ?[0m  [["id", 2], ["LIMIT", 1]]
  ↳ app/controllers/posts_controller.rb:55:in `set_post'
Redirected to http://127.0.0.1:3000/posts/2
Completed 302 Found in 4ms (ActiveRecord: 0.2ms | Allocations: 699)


Started GET "/posts/2" for 127.0.0.1 at 2022-03-26 15:28:59 -0400
Processing by PostsController#show as HTML
  Parameters: {"id"=>"2"}
  [1m[36mPost Load (0.1ms)[0m  [1m[34mSELECT "posts".* FROM "posts" WHERE "posts"."id" = ? LIMIT ?[0m  [["id", 2], ["LIMIT", 1]]
  ↳ app/controllers/posts_controller.rb:55:in `set_post'
Redirected to http://127.0.0.1:3000/posts/2
Completed 302 Found in 1ms (ActiveRecord: 0.1ms | Allocations: 699)


Started GET "/posts/2" for 127.0.0.1 at 2022-03-26 15:28:59 -0400
Processing by PostsController#show as HTML
  Parameters: {"id"=>"2"}
  [1m[36mPost Load (0.1ms)[0m  [1m[34mSELECT "posts".* FROM "posts" WHERE "posts"."id" = ? LIMIT ?[0m  [["id", 2], ["LIMIT", 1]]
  ↳ app/controllers/posts_controller.rb:55:in `set_post'
Redirected to http://127.0.0.1:3000/posts/2
Completed 302 Found in 1ms (ActiveRecord: 0.1ms | Allocations: 699)


Started GET "/posts/2" for 127.0.0.1 at 2022-03-26 15:28:59 -0400
Processing by PostsController#show as HTML
  Parameters: {"id"=>"2"}
  [1m[36mPost Load (0.1ms)[0m  [1m[34mSELECT "posts".* FROM "posts" WHERE "posts"."id" = ? LIMIT ?[0m  [["id", 2], ["LIMIT", 1]]
  ↳ app/controllers/posts_controller.rb:55:in `set_post'
Redirected to http://127.0.0.1:3000/posts/2
Completed 302 Found in 1ms (ActiveRecord: 0.1ms | Allocations: 699)


Started GET "/posts/2" for 127.0.0.1 at 2022-03-26 15:28:59 -0400
Processing by PostsController#show as HTML
  Parameters: {"id"=>"2"}
  [1m[36mPost Load (0.1ms)[0m  [1m[34mSELECT "posts".* FROM "posts" WHERE "posts"."id" = ? LIMIT ?[0m  [["id", 2], ["LIMIT", 1]]
  ↳ app/controllers/posts_controller.rb:55:in `set_post'
Redirected to http://127.0.0.1:3000/posts/2
Completed 302 Found in 2ms (ActiveRecord: 0.1ms | Allocations: 699)


Started GET "/posts/2" for 127.0.0.1 at 2022-03-26 15:28:59 -0400
Processing by PostsController#show as HTML
  Parameters: {"id"=>"2"}
  [1m[36mPost Load (0.1ms)[0m  [1m[34mSELECT "posts".* FROM "posts" WHERE "posts"."id" = ? LIMIT ?[0m  [["id", 2], ["LIMIT", 1]]
  ↳ app/controllers/posts_controller.rb:55:in `set_post'
Redirected to http://127.0.0.1:3000/posts/2
Completed 302 Found in 1ms (ActiveRecord: 0.1ms | Allocations: 699)


Started GET "/posts/2" for 127.0.0.1 at 2022-03-26 15:28:59 -0400
Processing by PostsController#show as HTML
  Parameters: {"id"=>"2"}
  [1m[36mPost Load (0.1ms)[0m  [1m[34mSELECT "posts".* FROM "posts" WHERE "posts"."id" = ? LIMIT ?[0m  [["id", 2], ["LIMIT", 1]]
  ↳ app/controllers/posts_controller.rb:55:in `set_post'
Redirected to http://127.0.0.1:3000/posts/2
Completed 302 Found in 1ms (ActiveRecord: 0.1ms | Allocations: 699)


Started GET "/posts/2" for 127.0.0.1 at 2022-03-26 15:28:59 -0400
Processing by PostsController#show as HTML
  Parameters: {"id"=>"2"}
  [1m[36mPost Load (0.2ms)[0m  [1m[34mSELECT "posts".* FROM "posts" WHERE "posts"."id" = ? LIMIT ?[0m  [["id", 2], ["LIMIT", 1]]
  ↳ app/controllers/posts_controller.rb:55:in `set_post'
Redirected to http://127.0.0.1:3000/posts/2
Completed 302 Found in 2ms (ActiveRecord: 0.2ms | Allocations: 699)


Started GET "/posts/2" for 127.0.0.1 at 2022-03-26 15:28:59 -0400
Processing by PostsController#show as HTML
  Parameters: {"id"=>"2"}
  [1m[36mPost Load (0.1ms)[0m  [1m[34mSELECT "posts".* FROM "posts" WHERE "posts"."id" = ? LIMIT ?[0m  [["id", 2], ["LIMIT", 1]]
  ↳ app/controllers/posts_controller.rb:55:in `set_post'
Redirected to http://127.0.0.1:3000/posts/2
Completed 302 Found in 1ms (ActiveRecord: 0.1ms | Allocations: 699)


Started GET "/posts/2" for 127.0.0.1 at 2022-03-26 15:28:59 -0400
Processing by PostsController#show as HTML
  Parameters: {"id"=>"2"}
  [1m[36mPost Load (0.1ms)[0m  [1m[34mSELECT "posts".* FROM "posts" WHERE "posts"."id" = ? LIMIT ?[0m  [["id", 2], ["LIMIT", 1]]
  ↳ app/controllers/posts_controller.rb:55:in `set_post'
Redirected to http://127.0.0.1:3000/posts/2
Completed 302 Found in 2ms (ActiveRecord: 0.1ms | Allocations: 699)


Started GET "/posts/2" for 127.0.0.1 at 2022-03-26 15:28:59 -0400
Processing by PostsController#show as HTML
  Parameters: {"id"=>"2"}
  [1m[36mPost Load (0.1ms)[0m  [1m[34mSELECT "posts".* FROM "posts" WHERE "posts"."id" = ? LIMIT ?[0m  [["id", 2], ["LIMIT", 1]]
  ↳ app/controllers/posts_controller.rb:55:in `set_post'
Redirected to http://127.0.0.1:3000/posts/2
Completed 302 Found in 1ms (ActiveRecord: 0.1ms | Allocations: 699)


Started GET "/posts/2" for 127.0.0.1 at 2022-03-26 15:28:59 -0400
Processing by PostsController#show as HTML
  Parameters: {"id"=>"2"}
  [1m[36mPost Load (0.1ms)[0m  [1m[34mSELECT "posts".* FROM "posts" WHERE "posts"."id" = ? LIMIT ?[0m  [["id", 2], ["LIMIT", 1]]
  ↳ app/controllers/posts_controller.rb:55:in `set_post'
Redirected to http://127.0.0.1:3000/posts/2
Completed 302 Found in 1ms (ActiveRecord: 0.1ms | Allocations: 699)


Started GET "/posts/2" for 127.0.0.1 at 2022-03-26 15:28:59 -0400
Processing by PostsController#show as HTML
  Parameters: {"id"=>"2"}
  [1m[36mPost Load (0.1ms)[0m  [1m[34mSELECT "posts".* FROM "posts" WHERE "posts"."id" = ? LIMIT ?[0m  [["id", 2], ["LIMIT", 1]]
  ↳ app/controllers/posts_controller.rb:55:in `set_post'
Redirected to http://127.0.0.1:3000/posts/2
Completed 302 Found in 1ms (ActiveRecord: 0.1ms | Allocations: 699)


Started GET "/posts/2" for 127.0.0.1 at 2022-03-26 15:28:59 -0400
Processing by PostsController#show as HTML
  Parameters: {"id"=>"2"}
  [1m[36mPost Load (0.1ms)[0m  [1m[34mSELECT "posts".* FROM "posts" WHERE "posts"."id" = ? LIMIT ?[0m  [["id", 2], ["LIMIT", 1]]
  ↳ app/controllers/posts_controller.rb:55:in `set_post'
Redirected to http://127.0.0.1:3000/posts/2
Completed 302 Found in 1ms (ActiveRecord: 0.1ms | Allocations: 699)


Started GET "/posts/2" for 127.0.0.1 at 2022-03-26 15:28:59 -0400
Processing by PostsController#show as HTML
  Parameters: {"id"=>"2"}
  [1m[36mPost Load (0.1ms)[0m  [1m[34mSELECT "posts".* FROM "posts" WHERE "posts"."id" = ? LIMIT ?[0m  [["id", 2], ["LIMIT", 1]]
  ↳ app/controllers/posts_controller.rb:55:in `set_post'
Redirected to http://127.0.0.1:3000/posts/2
Completed 302 Found in 1ms (ActiveRecord: 0.1ms | Allocations: 699)


Started GET "/posts/2" for 127.0.0.1 at 2022-03-26 15:28:59 -0400
Processing by PostsController#show as HTML
  Parameters: {"id"=>"2"}
  [1m[36mPost Load (0.1ms)[0m  [1m[34mSELECT "posts".* FROM "posts" WHERE "posts"."id" = ? LIMIT ?[0m  [["id", 2], ["LIMIT", 1]]
  ↳ app/controllers/posts_controller.rb:55:in `set_post'
Redirected to http://127.0.0.1:3000/posts/2
Completed 302 Found in 1ms (ActiveRecord: 0.1ms | Allocations: 699)


Started GET "/posts/2" for 127.0.0.1 at 2022-03-26 15:28:59 -0400
Processing by PostsController#show as HTML
  Parameters: {"id"=>"2"}
  [1m[36mPost Load (0.1ms)[0m  [1m[34mSELECT "posts".* FROM "posts" WHERE "posts"."id" = ? LIMIT ?[0m  [["id", 2], ["LIMIT", 1]]
  ↳ app/controllers/posts_controller.rb:55:in `set_post'
Redirected to http://127.0.0.1:3000/posts/2
Completed 302 Found in 1ms (ActiveRecord: 0.1ms | Allocations: 699)


Started GET "/posts/2" for 127.0.0.1 at 2022-03-26 15:28:59 -0400
Processing by PostsController#show as HTML
  Parameters: {"id"=>"2"}
  [1m[36mPost Load (0.1ms)[0m  [1m[34mSELECT "posts".* FROM "posts" WHERE "posts"."id" = ? LIMIT ?[0m  [["id", 2], ["LIMIT", 1]]
  ↳ app/controllers/posts_controller.rb:55:in `set_post'
Redirected to http://127.0.0.1:3000/posts/2
Completed 302 Found in 1ms (ActiveRecord: 0.1ms | Allocations: 699)


Started GET "/posts/2" for 127.0.0.1 at 2022-03-26 15:28:59 -0400
Processing by PostsController#show as HTML
  Parameters: {"id"=>"2"}
  [1m[36mPost Load (0.1ms)[0m  [1m[34mSELECT "posts".* FROM "posts" WHERE "posts"."id" = ? LIMIT ?[0m  [["id", 2], ["LIMIT", 1]]
  ↳ app/controllers/posts_controller.rb:55:in `set_post'
Redirected to http://127.0.0.1:3000/posts/2
Completed 302 Found in 2ms (ActiveRecord: 0.1ms | Allocations: 699)


Started GET "/posts/2" for 127.0.0.1 at 2022-03-26 15:28:59 -0400
Processing by PostsController#show as HTML
  Parameters: {"id"=>"2"}
  [1m[36mPost Load (0.1ms)[0m  [1m[34mSELECT "posts".* FROM "posts" WHERE "posts"."id" = ? LIMIT ?[0m  [["id", 2], ["LIMIT", 1]]
  ↳ app/controllers/posts_controller.rb:55:in `set_post'
Redirected to http://127.0.0.1:3000/posts/2
Completed 302 Found in 1ms (ActiveRecord: 0.1ms | Allocations: 703)


Started GET "/posts/2" for 127.0.0.1 at 2022-03-26 15:28:59 -0400
Processing by PostsController#show as HTML
  Parameters: {"id"=>"2"}
  [1m[36mPost Load (0.1ms)[0m  [1m[34mSELECT "posts".* FROM "posts" WHERE "posts"."id" = ? LIMIT ?[0m  [["id", 2], ["LIMIT", 1]]
  ↳ app/controllers/posts_controller.rb:55:in `set_post'
Redirected to http://127.0.0.1:3000/posts/2
Completed 302 Found in 2ms (ActiveRecord: 0.1ms | Allocations: 699)


Started GET "/posts/2" for 127.0.0.1 at 2022-03-26 15:32:09 -0400
Processing by PostsController#show as HTML
  Parameters: {"id"=>"2"}
  [1m[35m (0.1ms)[0m  [1m[34mSELECT sqlite_version(*)[0m
  ↳ app/controllers/posts_controller.rb:55:in `set_post'
  [1m[36mPost Load (0.1ms)[0m  [1m[34mSELECT "posts".* FROM "posts" WHERE "posts"."id" = ? LIMIT ?[0m  [["id", 2], ["LIMIT", 1]]
  ↳ app/controllers/posts_controller.rb:55:in `set_post'
  Rendering posts/show.html.erb
  Rendered posts/_post.html.erb (Duration: 1.7ms | Allocations: 1059)
  Rendered posts/show.html.erb (Duration: 3.3ms | Allocations: 1687)
Completed 200 OK in 11ms (Views: 4.5ms | ActiveRecord: 0.8ms | Allocations: 7118)


Started GET "/posts/2" for 127.0.0.1 at 2022-03-26 15:32:24 -0400
Processing by PostsController#show as HTML
  Parameters: {"id"=>"2"}
  [1m[36mPost Load (0.3ms)[0m  [1m[34mSELECT "posts".* FROM "posts" WHERE "posts"."id" = ? LIMIT ?[0m  [["id", 2], ["LIMIT", 1]]
  ↳ app/controllers/posts_controller.rb:55:in `set_post'
  Rendering posts/show.html.erb
  Rendered posts/_post.html.erb (Duration: 1.8ms | Allocations: 547)
  Rendered posts/show.html.erb (Duration: 2.3ms | Allocations: 637)
Completed 200 OK in 7ms (Views: 2.9ms | ActiveRecord: 0.3ms | Allocations: 1522)


Started GET "/posts/2" for 127.0.0.1 at 2022-03-26 15:32:30 -0400
Processing by PostsController#show as HTML
  Parameters: {"id"=>"2"}
  [1m[36mPost Load (0.2ms)[0m  [1m[34mSELECT "posts".* FROM "posts" WHERE "posts"."id" = ? LIMIT ?[0m  [["id", 2], ["LIMIT", 1]]
  ↳ app/controllers/posts_controller.rb:55:in `set_post'
  Rendering posts/show.html.erb
  Rendered posts/_post.html.erb (Duration: 1.5ms | Allocations: 543)
  Rendered posts/show.html.erb (Duration: 1.8ms | Allocations: 631)
Completed 200 OK in 5ms (Views: 2.4ms | ActiveRecord: 0.2ms | Allocations: 1435)


Started GET "/posts/new" for 127.0.0.1 at 2022-03-26 15:32:34 -0400
Processing by PostsController#new as HTML
  Rendering posts/new.html.erb
  Rendered posts/_post_form.html.erb (Duration: 7.8ms | Allocations: 2138)
  Rendered posts/new.html.erb (Duration: 10.2ms | Allocations: 2486)
Completed 200 OK in 14ms (Views: 11.3ms | ActiveRecord: 0.0ms | Allocations: 2917)


Started POST "/posts" for 127.0.0.1 at 2022-03-26 15:32:48 -0400
Processing by PostsController#create as TURBO_STREAM
  Parameters: {"authenticity_token"=>"[FILTERED]", "post"=>{"title"=>"The new post", "body"=>"Post that I want to read about", "tags"=>"these are the tags"}, "commit"=>"Create Post"}
  [1m[36mTRANSACTION (0.1ms)[0m  [1m[36mbegin transaction[0m
  ↳ app/controllers/posts_controller.rb:16:in `block in create'
  [1m[36mPost Create (0.3ms)[0m  [1m[32mINSERT INTO "posts" ("title", "body", "tags", "created_at", "updated_at") VALUES (?, ?, ?, ?, ?)[0m  [["title", "The new post"], ["body", "Post that I want to read about"], ["tags", "these are the tags"], ["created_at", "2022-03-26 19:32:48.557674"], ["updated_at", "2022-03-26 19:32:48.557674"]]
  ↳ app/controllers/posts_controller.rb:16:in `block in create'
  [1m[36mTRANSACTION (3.2ms)[0m  [1m[36mcommit transaction[0m
  ↳ app/controllers/posts_controller.rb:16:in `block in create'
  Rendering posts/create.turbo_stream.erb
  Rendered posts/_post.html.erb (Duration: 0.7ms | Allocations: 457)
  Rendered posts/create.turbo_stream.erb (Duration: 3.3ms | Allocations: 1721)
Completed 200 OK in 12ms (Views: 3.9ms | ActiveRecord: 3.6ms | Allocations: 5437)


Started GET "/posts/5" for 127.0.0.1 at 2022-03-26 15:32:51 -0400
Processing by PostsController#show as HTML
  Parameters: {"id"=>"5"}
  [1m[36mPost Load (0.2ms)[0m  [1m[34mSELECT "posts".* FROM "posts" WHERE "posts"."id" = ? LIMIT ?[0m  [["id", 5], ["LIMIT", 1]]
  ↳ app/controllers/posts_controller.rb:55:in `set_post'
  Rendering posts/show.html.erb
  Rendered posts/_post.html.erb (Duration: 3.3ms | Allocations: 602)
  Rendered posts/show.html.erb (Duration: 4.1ms | Allocations: 689)
Completed 200 OK in 9ms (Views: 5.3ms | ActiveRecord: 0.2ms | Allocations: 1569)


Started GET "/posts/5" for 127.0.0.1 at 2022-03-26 15:33:57 -0400
Processing by PostsController#show as HTML
  Parameters: {"id"=>"5"}
  [1m[36mPost Load (0.2ms)[0m  [1m[34mSELECT "posts".* FROM "posts" WHERE "posts"."id" = ? LIMIT ?[0m  [["id", 5], ["LIMIT", 1]]
  ↳ app/controllers/posts_controller.rb:55:in `set_post'
  Rendering posts/show.html.erb
  Rendered posts/_post.html.erb (Duration: 4.1ms | Allocations: 993)
  Rendered posts/show.html.erb (Duration: 6.3ms | Allocations: 1352)
Completed 200 OK in 13ms (Views: 8.9ms | ActiveRecord: 0.2ms | Allocations: 2876)


Started GET "/posts/2" for 127.0.0.1 at 2022-03-26 15:33:59 -0400
Processing by PostsController#show as HTML
  Parameters: {"id"=>"2"}
  [1m[36mPost Load (0.2ms)[0m  [1m[34mSELECT "posts".* FROM "posts" WHERE "posts"."id" = ? LIMIT ?[0m  [["id", 2], ["LIMIT", 1]]
  ↳ app/controllers/posts_controller.rb:55:in `set_post'
  Rendering posts/show.html.erb
  Rendered posts/_post.html.erb (Duration: 2.5ms | Allocations: 562)
  Rendered posts/show.html.erb (Duration: 3.4ms | Allocations: 649)
Completed 200 OK in 8ms (Views: 4.3ms | ActiveRecord: 0.2ms | Allocations: 1528)


Started GET "/" for 127.0.0.1 at 2022-03-26 15:34:04 -0400
Processing by PostsController#index as HTML
  Rendering layout layouts/application.html.erb
  Rendering posts/index.html.erb within layouts/application
  [1m[36mPost Load (0.2ms)[0m  [1m[34mSELECT "posts".* FROM "posts"[0m
  ↳ app/views/posts/index.html.erb:11
  Rendered collection of posts/_post.html.erb [2 times] (Duration: 2.6ms | Allocations: 1150)
  Rendered posts/index.html.erb within layouts/application (Duration: 5.5ms | Allocations: 2252)
  Rendered layout layouts/application.html.erb (Duration: 19.6ms | Allocations: 16198)
Completed 200 OK in 33ms (Views: 30.7ms | ActiveRecord: 0.2ms | Allocations: 16692)


Started GET "/posts/2" for 127.0.0.1 at 2022-03-26 15:34:05 -0400
Processing by PostsController#show as HTML
  Parameters: {"id"=>"2"}
  [1m[36mPost Load (0.4ms)[0m  [1m[34mSELECT "posts".* FROM "posts" WHERE "posts"."id" = ? LIMIT ?[0m  [["id", 2], ["LIMIT", 1]]
  ↳ app/controllers/posts_controller.rb:55:in `set_post'
  Rendering layout layouts/application.html.erb
  Rendering posts/show.html.erb within layouts/application
  Rendered posts/_post.html.erb (Duration: 2.5ms | Allocations: 550)
  Rendered posts/show.html.erb within layouts/application (Duration: 3.0ms | Allocations: 637)
  Rendered layout layouts/application.html.erb (Duration: 9.4ms | Allocations: 2899)
Completed 200 OK in 16ms (Views: 10.6ms | ActiveRecord: 0.4ms | Allocations: 3720)


Started GET "/posts/5" for 127.0.0.1 at 2022-03-26 15:34:42 -0400
Processing by PostsController#show as HTML
  Parameters: {"id"=>"5"}
  [1m[36mPost Load (0.4ms)[0m  [1m[34mSELECT "posts".* FROM "posts" WHERE "posts"."id" = ? LIMIT ?[0m  [["id", 5], ["LIMIT", 1]]
  ↳ app/controllers/posts_controller.rb:55:in `set_post'
  Rendering layout layouts/application.html.erb
  Rendering posts/show.html.erb within layouts/application
  Rendered posts/_post.html.erb (Duration: 5.6ms | Allocations: 1007)
  Rendered posts/show.html.erb within layouts/application (Duration: 9.4ms | Allocations: 1343)
  Rendered layout layouts/application.html.erb (Duration: 21.0ms | Allocations: 3969)
Completed 200 OK in 38ms (Views: 29.4ms | ActiveRecord: 0.4ms | Allocations: 5596)


Started GET "/posts/2" for 127.0.0.1 at 2022-03-26 15:36:04 -0400
Processing by PostsController#show as HTML
  Parameters: {"id"=>"2"}
  [1m[36mPost Load (0.2ms)[0m  [1m[34mSELECT "posts".* FROM "posts" WHERE "posts"."id" = ? LIMIT ?[0m  [["id", 2], ["LIMIT", 1]]
  ↳ app/controllers/posts_controller.rb:55:in `set_post'
  Rendering layout layouts/application.html.erb
  Rendering posts/show.html.erb within layouts/application
  Rendered posts/_post.html.erb (Duration: 1.6ms | Allocations: 958)
  Rendered posts/show.html.erb within layouts/application (Duration: 2.8ms | Allocations: 1382)
  Rendered layout layouts/application.html.erb (Duration: 8.9ms | Allocations: 4007)
Completed 200 OK in 15ms (Views: 10.8ms | ActiveRecord: 0.2ms | Allocations: 5716)


Started GET "/posts/2" for 127.0.0.1 at 2022-03-26 15:37:12 -0400
Processing by PostsController#show as HTML
  Parameters: {"id"=>"2"}
  [1m[36mPost Load (0.1ms)[0m  [1m[34mSELECT "posts".* FROM "posts" WHERE "posts"."id" = ? LIMIT ?[0m  [["id", 2], ["LIMIT", 1]]
  ↳ app/controllers/posts_controller.rb:55:in `set_post'
  Rendering layout layouts/application.html.erb
  Rendering posts/show.html.erb within layouts/application
  Rendered posts/_post.html.erb (Duration: 2.1ms | Allocations: 972)
  Rendered posts/show.html.erb within layouts/application (Duration: 3.3ms | Allocations: 1415)
  Rendered layout layouts/application.html.erb (Duration: 7.0ms | Allocations: 4041)
Completed 200 OK in 13ms (Views: 9.0ms | ActiveRecord: 0.1ms | Allocations: 5748)


Started GET "/posts/2" for 127.0.0.1 at 2022-03-26 15:37:28 -0400
Processing by PostsController#show as HTML
  Parameters: {"id"=>"2"}
  [1m[36mPost Load (0.1ms)[0m  [1m[34mSELECT "posts".* FROM "posts" WHERE "posts"."id" = ? LIMIT ?[0m  [["id", 2], ["LIMIT", 1]]
  ↳ app/controllers/posts_controller.rb:55:in `set_post'
  Rendering layout layouts/application.html.erb
  Rendering posts/show.html.erb within layouts/application
  Rendered posts/_post.html.erb (Duration: 1.8ms | Allocations: 968)
  Rendered posts/show.html.erb within layouts/application (Duration: 2.9ms | Allocations: 1411)
  Rendered layout layouts/application.html.erb (Duration: 6.3ms | Allocations: 4036)
Completed 200 OK in 12ms (Views: 7.7ms | ActiveRecord: 0.1ms | Allocations: 5743)


Started GET "/posts" for 127.0.0.1 at 2022-03-26 15:37:34 -0400
Processing by PostsController#index as HTML
  Rendering layout layouts/application.html.erb
  Rendering posts/index.html.erb within layouts/application
  [1m[36mPost Load (0.2ms)[0m  [1m[34mSELECT "posts".* FROM "posts"[0m
  ↳ app/views/posts/index.html.erb:11
  Rendered collection of posts/_post.html.erb [2 times] (Duration: 6.6ms | Allocations: 1125)
  Rendered posts/index.html.erb within layouts/application (Duration: 13.0ms | Allocations: 2212)
  Rendered layout layouts/application.html.erb (Duration: 21.4ms | Allocations: 4460)
Completed 200 OK in 25ms (Views: 22.8ms | ActiveRecord: 0.2ms | Allocations: 4874)


Started GET "/posts/2" for 127.0.0.1 at 2022-03-26 15:41:20 -0400
Processing by PostsController#show as HTML
  Parameters: {"id"=>"2"}
  [1m[36mPost Load (0.1ms)[0m  [1m[34mSELECT "posts".* FROM "posts" WHERE "posts"."id" = ? LIMIT ?[0m  [["id", 2], ["LIMIT", 1]]
  ↳ app/controllers/posts_controller.rb:55:in `set_post'
  Rendering layout layouts/application.html.erb
  Rendering posts/show.html.erb within layouts/application
  Rendered posts/_post.html.erb (Duration: 1.7ms | Allocations: 974)
  Rendered posts/show.html.erb within layouts/application (Duration: 2.8ms | Allocations: 1415)
  Rendered layout layouts/application.html.erb (Duration: 6.0ms | Allocations: 4040)
Completed 200 OK in 9ms (Views: 7.6ms | ActiveRecord: 0.1ms | Allocations: 5697)


Started GET "/posts" for 127.0.0.1 at 2022-03-26 15:41:21 -0400
Processing by PostsController#index as HTML
  Rendering layout layouts/application.html.erb
  Rendering posts/index.html.erb within layouts/application
  [1m[36mPost Load (0.3ms)[0m  [1m[34mSELECT "posts".* FROM "posts"[0m
  ↳ app/views/posts/index.html.erb:11
  Rendered collection of posts/_post.html.erb [2 times] (Duration: 16.6ms | Allocations: 1147)
  Rendered posts/index.html.erb within layouts/application (Duration: 24.5ms | Allocations: 2234)
  Rendered layout layouts/application.html.erb (Duration: 36.4ms | Allocations: 4499)
Completed 200 OK in 42ms (Views: 38.2ms | ActiveRecord: 0.3ms | Allocations: 4912)


